<?xml version="1.0" encoding="UTF-8"?>
<testsuite xmlns:xsi="http://www.w3.org/2001/XMLSchema-instance" xsi:noNamespaceSchemaLocation="https://maven.apache.org/surefire/maven-surefire-plugin/xsd/surefire-test-report.xsd" name="io.cucumber.skeleton.RunCucumberTest" time="0.306" tests="1" errors="1" skipped="0" failures="0">
  <properties>
[...]
</properties>
  <testcase name="a few cukes" classname="Belly" time="0.09">
    <error message="The step &quot;I wait 1 hour&quot; is undefined. You can implement it using the snippet(s) below:&#10;&#10;@When(&quot;I wait {int} hour&quot;)&#10;public void i_wait_hour(Integer int1) {&#10;    // Write code here that turns the phrase above into concrete actions&#10;    throw new io.cucumber.java.PendingException();&#10;}&#10;&#10;&#10;Some other steps were also undefined:&#10;&#10;@Then(&quot;my belly should growl&quot;)&#10;public void my_belly_should_growl() {&#10;    // Write code here that turns the phrase above into concrete actions&#10;    throw new io.cucumber.java.PendingException();&#10;}&#10;" type="io.cucumber.junit.UndefinedStepException">io.cucumber.junit.UndefinedStepException: 
The step "I wait 1 hour" is undefined. You can implement it using the snippet(s) below:

@When("I wait {int} hour")
public void i_wait_hour(Integer int1) {
    // Write code here that turns the phrase above into concrete actions
    throw new io.cucumber.java.PendingException();
}


Some other steps were also undefined:

@Then("my belly should growl")
public void my_belly_should_growl() {
    // Write code here that turns the phrase above into concrete actions
    throw new io.cucumber.java.PendingException();
}

</error>
    <system-out><![CDATA[
Scenario: a few cukes               &amp#27;[90m# io/cucumber/skeleton/belly.feature:3&amp#27;[0m
  &amp#27;[32mGiven &amp#27;[0m&amp#27;[32mI have &amp#27;[0m&amp#27;[32m&amp#27;[1m42&amp#27;[0m&amp#27;[32m cukes in my belly&amp#27;[0m &amp#27;[90m# io.cucumber.skeleton.StepDefinitions.I_have_cukes_in_my_belly(int)&amp#27;[0m
  &amp#27;[33mWhen &amp#27;[0m&amp#27;[33mI wait 1 hour&amp#27;[0m                &amp#27;[90m# null&amp#27;[0m
  &amp#27;[36mThen &amp#27;[0m&amp#27;[36mmy belly should growl&amp#27;[0m        &amp#27;[90m# null&amp#27;[0m
]]></system-out>
  </testcase>
</testsuite>